<?xml version="1.0" encoding="UTF-8"?>
<!-- Generated by org.testng.reporters.JUnitReportReporter -->
<testsuite name="com.samplemavenpro.scripts1.sampleTest" tests="1" failures="0" timestamp="9 Mar 2018 05:54:17 GMT" time="0.021" errors="0">
  <testcase name="sampleTest" time="0.021" classname="com.samplemavenpro.scripts1.sampleTest"/>
</testsuite>
